{
  "RSpec": {
    "coverage": {
      "/app/app/mailers/user_mailer.rb": {
        "lines": [
          1,
          1,
          null,
          1,
          3,
          3,
          null,
          null
        ]
      },
      "/app/app/mailers/application_mailer.rb": {
        "lines": [
          1,
          1,
          1,
          null
        ]
      },
      "/app/app/models/company.rb": {
        "lines": [
          1,
          1,
          null
        ]
      },
      "/app/app/models/application_record.rb": {
        "lines": [
          1,
          1,
          null
        ]
      },
      "/app/app/models/tweet.rb": {
        "lines": [
          1,
          1,
          null,
          1,
          null
        ]
      },
      "/app/app/models/user.rb": {
        "lines": [
          1,
          1,
          null,
          1,
          1,
          null,
          3,
          6,
          null,
          1,
          null,
          1,
          29,
          null,
          null
        ]
      },
      "/app/app/sidekiq/report_generation_job.rb": {
        "lines": [
          1,
          1,
          null,
          1,
          0,
          null,
          null
        ]
      },
      "/app/app/controllers/users_controller.rb": {
        "lines": [
          1,
          null,
          1,
          2,
          null,
          null,
          2,
          null,
          null,
          1,
          null,
          1,
          2,
          null,
          null,
          null
        ]
      },
      "/app/app/controllers/application_controller.rb": {
        "lines": [
          1,
          1,
          null
        ]
      }
    },
    "timestamp": 1750081428
  }
}
